1661511294876	geckodriver	INFO	Listening on 127.0.0.1:53158
1661511297947	mozrunner::runner	INFO	Running command: "C:\\Program Files\\Mozilla Firefox\\firefox.exe" "--marionette" "--remote-debugging-port" "53159" "--remote-allow-hosts" "localhost" "-no-remote" "-profile" "C:\\Users\\GITESH~1\\AppData\\Local\\Temp\\rust_mozprofileotOVLG"
1661511300650	Marionette	INFO	Marionette enabled
1661511300667	Marionette	INFO	Listening on port 53168
WebDriver BiDi listening on ws://localhost:53159
Read port: 53168
1661511301223	RemoteAgent	WARN	TLS certificate errors will be ignored for this session
console.warn: SearchSettings: "get: No settings file exists, new profile?" (new NotFoundError("Could not open the file at C:\\Users\\GITESH~1\\AppData\\Local\\Temp\\rust_mozprofileotOVLG\\search.json.mozlz4", (void 0)))
DevTools listening on ws://localhost:53159/devtools/browser/2f3b3cb3-da43-4172-a996-21f7a4d87463
1661511309988	Marionette	INFO	Stopped listening on port 53168
JavaScript error: resource://gre/modules/Sqlite.jsm, line 1108: Error: Sqlite.jsm has been shutdown. Cannot open connection to: C:\Users\GITESH~1\AppData\Local\Temp\rust_mozprofileotOVLG\protections.sqlite
1661511312943	geckodriver	INFO	Listening on 127.0.0.1:53192
1661511315975	mozrunner::runner	INFO	Running command: "C:\\Program Files\\Mozilla Firefox\\firefox.exe" "--marionette" "--remote-debugging-port" "53193" "--remote-allow-hosts" "localhost" "-no-remote" "-profile" "C:\\Users\\GITESH~1\\AppData\\Local\\Temp\\rust_mozprofileT3PqFA"
1661511317101	Marionette	INFO	Marionette enabled
1661511317119	Marionette	INFO	Listening on port 53202
WebDriver BiDi listening on ws://localhost:53193
Read port: 53202
1661511317716	RemoteAgent	WARN	TLS certificate errors will be ignored for this session
console.warn: SearchSettings: "get: No settings file exists, new profile?" (new NotFoundError("Could not open the file at C:\\Users\\GITESH~1\\AppData\\Local\\Temp\\rust_mozprofileT3PqFA\\search.json.mozlz4", (void 0)))
DevTools listening on ws://localhost:53193/devtools/browser/6a4cd0f4-3941-4f4a-a760-1350753fa1cd
console.warn: LoginRecipes: "Falling back to a synchronous message for: https://admin-demo.nopcommerce.com."
console.warn: LoginRecipes: "Falling back to a synchronous message for: https://admin-demo.nopcommerce.com."
1661511330502	Marionette	INFO	Stopped listening on port 53202
